android-app/app/build/intermediates/manifest_merge_blame_file/debug/processDebugMainManifest/manifest-merger-blame-debug-report.txt
1<?xml version="1.0" encoding="utf-8"?>
2<manifest xmlns:android="http://schemas.android.com/apk/res/android"
3    package="com.voipvc.bridge"
4    android:versionCode="1"
5    android:versionName="1.0" >
6
7    <uses-sdk
8        android:minSdkVersion="24"
9        android:targetSdkVersion="35" />
10
11    <!-- Network -->
12    <uses-permission android:name="android.permission.INTERNET" />
12-->src\main\AndroidManifest.xml:4:5-67
12-->src\main\AndroidManifest.xml:4:22-64
13    <uses-permission android:name="android.permission.ACCESS_NETWORK_STATE" />
13-->src\main\AndroidManifest.xml:5:5-79
13-->src\main\AndroidManifest.xml:5:22-76
14
15    <!-- Camera for QR scan -->
16    <uses-permission android:name="android.permission.CAMERA" />
16-->src\main\AndroidManifest.xml:8:5-65
16-->src\main\AndroidManifest.xml:8:22-62
17
18    <!-- Calling -->
19    <uses-permission android:name="android.permission.CALL_PHONE" />
19-->src\main\AndroidManifest.xml:11:5-69
19-->src\main\AndroidManifest.xml:11:22-66
20    <uses-permission android:name="android.permission.ANSWER_PHONE_CALLS" />
20-->src\main\AndroidManifest.xml:12:5-77
20-->src\main\AndroidManifest.xml:12:22-74
21    <uses-permission android:name="android.permission.READ_PHONE_STATE" />
21-->src\main\AndroidManifest.xml:13:5-75
21-->src\main\AndroidManifest.xml:13:22-72
22
23    <!-- Audio bridge (no root required) -->
24    <uses-permission android:name="android.permission.RECORD_AUDIO" />
24-->src\main\AndroidManifest.xml:16:5-71
24-->src\main\AndroidManifest.xml:16:22-68
25    <uses-permission android:name="android.permission.MODIFY_AUDIO_SETTINGS" />
25-->src\main\AndroidManifest.xml:17:5-80
25-->src\main\AndroidManifest.xml:17:22-77
26
27    <!-- Always-on service -->
28    <uses-permission android:name="android.permission.FOREGROUND_SERVICE" />
28-->src\main\AndroidManifest.xml:20:5-77
28-->src\main\AndroidManifest.xml:20:22-74
29    <uses-permission android:name="android.permission.FOREGROUND_SERVICE_PHONE_CALL" />
29-->src\main\AndroidManifest.xml:21:5-88
29-->src\main\AndroidManifest.xml:21:22-85
30    <uses-permission android:name="android.permission.FOREGROUND_SERVICE_MICROPHONE" />
30-->src\main\AndroidManifest.xml:22:5-88
30-->src\main\AndroidManifest.xml:22:22-85
31    <uses-permission android:name="android.permission.RECEIVE_BOOT_COMPLETED" />
31-->src\main\AndroidManifest.xml:23:5-81
31-->src\main\AndroidManifest.xml:23:22-78
32    <uses-permission android:name="android.permission.POST_NOTIFICATIONS" />
32-->src\main\AndroidManifest.xml:24:5-77
32-->src\main\AndroidManifest.xml:24:22-74
33    <uses-permission android:name="android.permission.USE_FULL_SCREEN_INTENT" />
33-->src\main\AndroidManifest.xml:25:5-81
33-->src\main\AndroidManifest.xml:25:22-78
34
35    <permission
35-->[androidx.core:core:1.13.1] AndroidManifest.xml:22:5-24:47
36        android:name="com.voipvc.bridge.DYNAMIC_RECEIVER_NOT_EXPORTED_PERMISSION"
36-->[androidx.core:core:1.13.1] AndroidManifest.xml:23:9-81
37        android:protectionLevel="signature" />
37-->[androidx.core:core:1.13.1] AndroidManifest.xml:24:9-44
38
39    <uses-permission android:name="com.voipvc.bridge.DYNAMIC_RECEIVER_NOT_EXPORTED_PERMISSION" /> <!-- Don't require camera, as this requires a rear camera. This allows it to work on the Nexus 7 -->
39-->[androidx.core:core:1.13.1] AndroidManifest.xml:26:5-97
39-->[androidx.core:core:1.13.1] AndroidManifest.xml:26:22-94
40    <uses-feature
40-->[com.journeyapps:zxing-android-embedded:4.3.0] AndroidManifest.xml:25:5-27:36
41        android:name="android.hardware.camera"
41-->[com.journeyapps:zxing-android-embedded:4.3.0] AndroidManifest.xml:26:9-47
42        android:required="false" />
42-->[com.journeyapps:zxing-android-embedded:4.3.0] AndroidManifest.xml:27:9-33
43    <uses-feature
43-->[com.journeyapps:zxing-android-embedded:4.3.0] AndroidManifest.xml:28:5-30:36
44        android:name="android.hardware.camera.front"
44-->[com.journeyapps:zxing-android-embedded:4.3.0] AndroidManifest.xml:29:9-53
45        android:required="false" /> <!-- TODO replace above two with next line after Android 4.2 -->
45-->[com.journeyapps:zxing-android-embedded:4.3.0] AndroidManifest.xml:30:9-33
46    <!-- <uses-feature android:name="android.hardware.camera.any"/> -->
47    <uses-feature
47-->[com.journeyapps:zxing-android-embedded:4.3.0] AndroidManifest.xml:33:5-35:36
48        android:name="android.hardware.camera.autofocus"
48-->[com.journeyapps:zxing-android-embedded:4.3.0] AndroidManifest.xml:34:9-57
49        android:required="false" />
49-->[com.journeyapps:zxing-android-embedded:4.3.0] AndroidManifest.xml:35:9-33
50    <uses-feature
50-->[com.journeyapps:zxing-android-embedded:4.3.0] AndroidManifest.xml:36:5-38:36
51        android:name="android.hardware.camera.flash"
51-->[com.journeyapps:zxing-android-embedded:4.3.0] AndroidManifest.xml:37:9-53
52        android:required="false" />
52-->[com.journeyapps:zxing-android-embedded:4.3.0] AndroidManifest.xml:38:9-33
53    <uses-feature
53-->[com.journeyapps:zxing-android-embedded:4.3.0] AndroidManifest.xml:39:5-41:36
54        android:name="android.hardware.screen.landscape"
54-->[com.journeyapps:zxing-android-embedded:4.3.0] AndroidManifest.xml:40:9-57
55        android:required="false" />
55-->[com.journeyapps:zxing-android-embedded:4.3.0] AndroidManifest.xml:41:9-33
56    <uses-feature
56-->[com.journeyapps:zxing-android-embedded:4.3.0] AndroidManifest.xml:42:5-44:36
57        android:name="android.hardware.wifi"
57-->[com.journeyapps:zxing-android-embedded:4.3.0] AndroidManifest.xml:43:9-45
58        android:required="false" />
58-->[com.journeyapps:zxing-android-embedded:4.3.0] AndroidManifest.xml:44:9-33
59
60    <application
60-->src\main\AndroidManifest.xml:27:5-97:19
61        android:allowBackup="true"
61-->src\main\AndroidManifest.xml:28:9-35
62        android:appComponentFactory="androidx.core.app.CoreComponentFactory"
62-->[androidx.core:core:1.13.1] AndroidManifest.xml:28:18-86
63        android:debuggable="true"
64        android:extractNativeLibs="false"
65        android:icon="@mipmap/ic_launcher"
65-->src\main\AndroidManifest.xml:29:9-43
66        android:label="@string/app_name"
66-->src\main\AndroidManifest.xml:30:9-41
67        android:networkSecurityConfig="@xml/network_security_config"
67-->src\main\AndroidManifest.xml:35:9-69
68        android:roundIcon="@mipmap/ic_launcher_round"
68-->src\main\AndroidManifest.xml:31:9-54
69        android:supportsRtl="true"
69-->src\main\AndroidManifest.xml:32:9-35
70        android:theme="@style/Theme.VoipVcBridge"
70-->src\main\AndroidManifest.xml:33:9-50
71        android:usesCleartextTraffic="true" >
71-->src\main\AndroidManifest.xml:34:9-44
72        <activity
72-->src\main\AndroidManifest.xml:37:9-53:20
73            android:name="com.voipvc.bridge.MainActivity"
73-->src\main\AndroidManifest.xml:38:13-41
74            android:exported="true" >
74-->src\main\AndroidManifest.xml:39:13-36
75            <intent-filter>
75-->src\main\AndroidManifest.xml:40:13-43:29
76                <action android:name="android.intent.action.MAIN" />
76-->src\main\AndroidManifest.xml:41:17-69
76-->src\main\AndroidManifest.xml:41:25-66
77
78                <category android:name="android.intent.category.LAUNCHER" />
78-->src\main\AndroidManifest.xml:42:17-77
78-->src\main\AndroidManifest.xml:42:27-74
79            </intent-filter>
80            <intent-filter>
80-->src\main\AndroidManifest.xml:44:13-47:29
81                <action android:name="android.intent.action.DIAL" />
81-->src\main\AndroidManifest.xml:45:17-69
81-->src\main\AndroidManifest.xml:45:25-66
82
83                <category android:name="android.intent.category.DEFAULT" />
83-->src\main\AndroidManifest.xml:46:17-76
83-->src\main\AndroidManifest.xml:46:27-73
84            </intent-filter>
85            <intent-filter>
85-->src\main\AndroidManifest.xml:48:13-52:29
86                <action android:name="android.intent.action.DIAL" />
86-->src\main\AndroidManifest.xml:45:17-69
86-->src\main\AndroidManifest.xml:45:25-66
87
88                <category android:name="android.intent.category.DEFAULT" />
88-->src\main\AndroidManifest.xml:46:17-76
88-->src\main\AndroidManifest.xml:46:27-73
89
90                <data android:scheme="tel" />
90-->src\main\AndroidManifest.xml:51:17-46
90-->src\main\AndroidManifest.xml:51:23-43
91            </intent-filter>
92        </activity>
93        <activity
93-->src\main\AndroidManifest.xml:55:9-61:43
94            android:name="com.voipvc.bridge.IncomingCallActivity"
94-->src\main\AndroidManifest.xml:56:13-49
95            android:excludeFromRecents="true"
95-->src\main\AndroidManifest.xml:57:13-46
96            android:exported="false"
96-->src\main\AndroidManifest.xml:58:13-37
97            android:launchMode="singleTop"
97-->src\main\AndroidManifest.xml:59:13-43
98            android:showWhenLocked="true"
98-->src\main\AndroidManifest.xml:60:13-42
99            android:turnScreenOn="true" />
99-->src\main\AndroidManifest.xml:61:13-40
100
101        <!-- InCallService: required to be the default dialer (hang up without root) -->
102        <service
102-->src\main\AndroidManifest.xml:64:9-77:19
103            android:name="com.voipvc.bridge.VoipVcInCallService"
103-->src\main\AndroidManifest.xml:65:13-48
104            android:exported="true"
104-->src\main\AndroidManifest.xml:67:13-36
105            android:permission="android.permission.BIND_INCALL_SERVICE" >
105-->src\main\AndroidManifest.xml:66:13-72
106            <meta-data
106-->src\main\AndroidManifest.xml:68:13-70:40
107                android:name="android.telecom.IN_CALL_SERVICE_UI"
107-->src\main\AndroidManifest.xml:69:17-66
108                android:value="true" />
108-->src\main\AndroidManifest.xml:70:17-37
109            <meta-data
109-->src\main\AndroidManifest.xml:71:13-73:41
110                android:name="android.telecom.IN_CALL_SERVICE_CAR_MODE_UI"
110-->src\main\AndroidManifest.xml:72:17-75
111                android:value="false" />
111-->src\main\AndroidManifest.xml:73:17-38
112
113            <intent-filter>
113-->src\main\AndroidManifest.xml:74:13-76:29
114                <action android:name="android.telecom.InCallService" />
114-->src\main\AndroidManifest.xml:75:17-72
114-->src\main\AndroidManifest.xml:75:25-69
115            </intent-filter>
116        </service>
117
118        <!-- Always-on bridge: phoneCall + microphone foreground types -->
119        <service
119-->src\main\AndroidManifest.xml:80:9-84:57
120            android:name="com.voipvc.bridge.BridgeService"
120-->src\main\AndroidManifest.xml:81:13-42
121            android:enabled="true"
121-->src\main\AndroidManifest.xml:82:13-35
122            android:exported="false"
122-->src\main\AndroidManifest.xml:83:13-37
123            android:foregroundServiceType="phoneCall" />
123-->src\main\AndroidManifest.xml:84:13-54
124
125        <!-- Auto-start on reboot -->
126        <receiver
126-->src\main\AndroidManifest.xml:87:9-95:20
127            android:name="com.voipvc.bridge.BootReceiver"
127-->src\main\AndroidManifest.xml:88:13-41
128            android:enabled="true"
128-->src\main\AndroidManifest.xml:89:13-35
129            android:exported="true" >
129-->src\main\AndroidManifest.xml:90:13-36
130            <intent-filter>
130-->src\main\AndroidManifest.xml:91:13-94:29
131                <action android:name="android.intent.action.BOOT_COMPLETED" />
131-->src\main\AndroidManifest.xml:92:17-79
131-->src\main\AndroidManifest.xml:92:25-76
132                <action android:name="android.intent.action.QUICKBOOT_POWERON" />
132-->src\main\AndroidManifest.xml:93:17-82
132-->src\main\AndroidManifest.xml:93:25-79
133            </intent-filter>
134        </receiver>
135
136        <provider
136-->[androidx.emoji2:emoji2:1.3.0] AndroidManifest.xml:24:9-32:20
137            android:name="androidx.startup.InitializationProvider"
137-->[androidx.emoji2:emoji2:1.3.0] AndroidManifest.xml:25:13-67
138            android:authorities="com.voipvc.bridge.androidx-startup"
138-->[androidx.emoji2:emoji2:1.3.0] AndroidManifest.xml:26:13-68
139            android:exported="false" >
139-->[androidx.emoji2:emoji2:1.3.0] AndroidManifest.xml:27:13-37
140            <meta-data
140-->[androidx.emoji2:emoji2:1.3.0] AndroidManifest.xml:29:13-31:52
141                android:name="androidx.emoji2.text.EmojiCompatInitializer"
141-->[androidx.emoji2:emoji2:1.3.0] AndroidManifest.xml:30:17-75
142                android:value="androidx.startup" />
142-->[androidx.emoji2:emoji2:1.3.0] AndroidManifest.xml:31:17-49
143            <meta-data
143-->[androidx.lifecycle:lifecycle-process:2.6.2] AndroidManifest.xml:29:13-31:52
144                android:name="androidx.lifecycle.ProcessLifecycleInitializer"
144-->[androidx.lifecycle:lifecycle-process:2.6.2] AndroidManifest.xml:30:17-78
145                android:value="androidx.startup" />
145-->[androidx.lifecycle:lifecycle-process:2.6.2] AndroidManifest.xml:31:17-49
146            <meta-data
146-->[androidx.profileinstaller:profileinstaller:1.4.0] AndroidManifest.xml:29:13-31:52
147                android:name="androidx.profileinstaller.ProfileInstallerInitializer"
147-->[androidx.profileinstaller:profileinstaller:1.4.0] AndroidManifest.xml:30:17-85
148                android:value="androidx.startup" />
148-->[androidx.profileinstaller:profileinstaller:1.4.0] AndroidManifest.xml:31:17-49
149        </provider>
150
151        <receiver
151-->[androidx.profileinstaller:profileinstaller:1.4.0] AndroidManifest.xml:34:9-52:20
152            android:name="androidx.profileinstaller.ProfileInstallReceiver"
152-->[androidx.profileinstaller:profileinstaller:1.4.0] AndroidManifest.xml:35:13-76
153            android:directBootAware="false"
153-->[androidx.profileinstaller:profileinstaller:1.4.0] AndroidManifest.xml:36:13-44
154            android:enabled="true"
154-->[androidx.profileinstaller:profileinstaller:1.4.0] AndroidManifest.xml:37:13-35
155            android:exported="true"
155-->[androidx.profileinstaller:profileinstaller:1.4.0] AndroidManifest.xml:38:13-36
156            android:permission="android.permission.DUMP" >
156-->[androidx.profileinstaller:profileinstaller:1.4.0] AndroidManifest.xml:39:13-57
157            <intent-filter>
157-->[androidx.profileinstaller:profileinstaller:1.4.0] AndroidManifest.xml:40:13-42:29
158                <action android:name="androidx.profileinstaller.action.INSTALL_PROFILE" />
158-->[androidx.profileinstaller:profileinstaller:1.4.0] AndroidManifest.xml:41:17-91
158-->[androidx.profileinstaller:profileinstaller:1.4.0] AndroidManifest.xml:41:25-88
159            </intent-filter>
160            <intent-filter>
160-->[androidx.profileinstaller:profileinstaller:1.4.0] AndroidManifest.xml:43:13-45:29
161                <action android:name="androidx.profileinstaller.action.SKIP_FILE" />
161-->[androidx.profileinstaller:profileinstaller:1.4.0] AndroidManifest.xml:44:17-85
161-->[androidx.profileinstaller:profileinstaller:1.4.0] AndroidManifest.xml:44:25-82
162            </intent-filter>
163            <intent-filter>
163-->[androidx.profileinstaller:profileinstaller:1.4.0] AndroidManifest.xml:46:13-48:29
164                <action android:name="androidx.profileinstaller.action.SAVE_PROFILE" />
164-->[androidx.profileinstaller:profileinstaller:1.4.0] AndroidManifest.xml:47:17-88
164-->[androidx.profileinstaller:profileinstaller:1.4.0] AndroidManifest.xml:47:25-85
165            </intent-filter>
166            <intent-filter>
166-->[androidx.profileinstaller:profileinstaller:1.4.0] AndroidManifest.xml:49:13-51:29
167                <action android:name="androidx.profileinstaller.action.BENCHMARK_OPERATION" />
167-->[androidx.profileinstaller:profileinstaller:1.4.0] AndroidManifest.xml:50:17-95
167-->[androidx.profileinstaller:profileinstaller:1.4.0] AndroidManifest.xml:50:25-92
168            </intent-filter>
169        </receiver>
170
171        <activity
171-->[com.journeyapps:zxing-android-embedded:4.3.0] AndroidManifest.xml:47:9-53:63
172            android:name="com.journeyapps.barcodescanner.CaptureActivity"
172-->[com.journeyapps:zxing-android-embedded:4.3.0] AndroidManifest.xml:48:13-74
173            android:clearTaskOnLaunch="true"
173-->[com.journeyapps:zxing-android-embedded:4.3.0] AndroidManifest.xml:49:13-45
174            android:screenOrientation="sensorLandscape"
174-->[com.journeyapps:zxing-android-embedded:4.3.0] AndroidManifest.xml:50:13-56
175            android:stateNotNeeded="true"
175-->[com.journeyapps:zxing-android-embedded:4.3.0] AndroidManifest.xml:51:13-42
176            android:theme="@style/zxing_CaptureTheme"
176-->[com.journeyapps:zxing-android-embedded:4.3.0] AndroidManifest.xml:52:13-54
177            android:windowSoftInputMode="stateAlwaysHidden" />
177-->[com.journeyapps:zxing-android-embedded:4.3.0] AndroidManifest.xml:53:13-60
178    </application>
179
180</manifest>